<?xml version="1.0" encoding="UTF-8"?>
<!-- Generated by org.testng.reporters.JUnitReportReporter -->
<testsuite skipped="0" hostname="RS" name="com.TestBrokenLinks" tests="1" failures="0" timestamp="30 Dec 2018 15:51:08 GMT" time="97.357" errors="0">
  <testcase name="test" time="97.357" classname="com.TestBrokenLinks"/>
</testsuite> <!-- com.TestBrokenLinks -->
