<?xml version="1.0" encoding="UTF-8"?>
<!-- Generated by org.testng.reporters.JUnitReportReporter -->
<testsuite skipped="0" hostname="RS" name="com.DemoTest" tests="1" failures="0" timestamp="20 Jun 2019 18:14:47 GMT" time="36.839" errors="0">
  <testcase name="setUp" time="36.839" classname="com.DemoTest"/>
</testsuite> <!-- com.DemoTest -->
