<?xml version="1.0" encoding="UTF-8"?>
<!-- Generated by org.testng.reporters.JUnitReportReporter -->
<testsuite skipped="0" hostname="RS" name="com.ReadTextFromPDF" tests="1" failures="0" timestamp="15 Dec 2019 14:14:40 GMT" time="1.449" errors="0">
  <testcase name="ReadPDF" time="1.449" classname="com.ReadTextFromPDF"/>
</testsuite> <!-- com.ReadTextFromPDF -->
